lerna(verbose) GitUtilities.isInitialized    ()
lerna(verbose) GitUtilities.isInitialized    () => true
lerna(verbose) GitUtilities.getTopLevelDirectory()
lerna(verbose) GitUtilities.getTopLevelDirectory() => "."
lerna(verbose) FileSystemUtilities.existsSync("./lerna.json")
lerna(verbose) FileSystemUtilities.existsSync("./lerna.json") => true
lerna(verbose) FileSystemUtilities.readFileSync("./lerna.json")
lerna(verbose) FileSystemUtilities.readFileSync("./lerna.json") => "{\n  \"lerna\": \"2.0.0-beta.32\",\n  \"packages\": [\n    \"packages/*\"\n  ],\n  \"version\": \"0.0.0\"\n}"
lerna(verbose) FileSystemUtilities.existsSync("./package.json")
lerna(verbose) FileSystemUtilities.existsSync("./package.json") => true
lerna(verbose) FileSystemUtilities.readFileSync("./package.json")
lerna(verbose) FileSystemUtilities.readFileSync("./package.json") => "{\n  \"devDependencies\": {\n    \"lerna\": \"2.0.0-beta.32\"\n  }\n}"
lerna(info)    Lerna v2.0.0-beta.32
lerna(verbose) FileSystemUtilities.existsSync("./package.json")
lerna(verbose) FileSystemUtilities.existsSync("./package.json") => true
lerna(verbose) FileSystemUtilities.existsSync("./lerna.json")
lerna(verbose) FileSystemUtilities.existsSync("./lerna.json") => true
lerna(verbose) FileSystemUtilities.existsSync("./VERSION")
lerna(verbose) FileSystemUtilities.existsSync("./VERSION") => false
lerna(verbose) Attempting running ImportCommand.initialize
lerna(error)   Errored while running ImportCommand.initialize
    Error: Command failed: git log --format="%h" -1
    fatal: your current branch 'master' does not have any commits yet
    
        at checkExecSyncError (child_process.js:465:13)
        at Object.execSync (child_process.js:505:13)
        at execSync (/usr/local/lib/node_modules/lerna/lib/ChildProcessUtilities.js:76:40)
        at ImportCommand.initialize (/usr/local/lib/node_modules/lerna/lib/commands/ImportCommand.js:104:64)
        at ImportCommand._attempt (/usr/local/lib/node_modules/lerna/lib/Command.js:166:21)
        at ImportCommand.runCommand (/usr/local/lib/node_modules/lerna/lib/Command.js:150:12)
        at ImportCommand.run (/usr/local/lib/node_modules/lerna/lib/Command.js:69:12)
        at Object.<anonymous> (/usr/local/lib/node_modules/lerna/bin/lerna.js:62:11)
        at Module._compile (module.js:409:26)
        at Object.Module._extensions..js (module.js:416:10)
